[debug] [2024-03-02T07:50:50.470Z] ----------------------------------------------------------------------
[debug] [2024-03-02T07:50:50.473Z] Command:       C:\Program Files\nodejs\node.exe C:\Users\lenovo\AppData\Roaming\npm\node_modules\firebase-tools\lib\bin\firebase.js init
[debug] [2024-03-02T07:50:50.474Z] CLI Version:   13.4.0
[debug] [2024-03-02T07:50:50.475Z] Platform:      win32
[debug] [2024-03-02T07:50:50.475Z] Node Version:  v18.17.1
[debug] [2024-03-02T07:50:50.477Z] Time:          Sat Mar 02 2024 13:20:50 GMT+0530 (India Standard Time)
[debug] [2024-03-02T07:50:50.477Z] ----------------------------------------------------------------------
[debug] 
[debug] [2024-03-02T07:50:50.482Z] >>> [apiv2][query] GET https://firebase-public.firebaseio.com/cli.json [none]
[debug] [2024-03-02T07:50:50.563Z] > command requires scopes: ["email","openid","https://www.googleapis.com/auth/cloudplatformprojects.readonly","https://www.googleapis.com/auth/firebase","https://www.googleapis.com/auth/cloud-platform"]
[debug] [2024-03-02T07:50:50.564Z] > authorizing via signed-in user (lohitmkudlannavar42@gmail.com)
[info] 
     ######## #### ########  ######## ########     ###     ######  ########
     ##        ##  ##     ## ##       ##     ##  ##   ##  ##       ##
     ######    ##  ########  ######   ########  #########  ######  ######
     ##        ##  ##    ##  ##       ##     ## ##     ##       ## ##
     ##       #### ##     ## ######## ########  ##     ##  ######  ########

You're about to initialize a Firebase project in this directory:

  D:\html css\netflix-clone

[debug] [2024-03-02T07:50:51.421Z] <<< [apiv2][status] GET https://firebase-public.firebaseio.com/cli.json 200
[debug] [2024-03-02T07:50:51.422Z] <<< [apiv2][body] GET https://firebase-public.firebaseio.com/cli.json {"cloudBuildErrorAfter":1594252800000,"cloudBuildWarnAfter":1590019200000,"defaultNode10After":1594252800000,"minVersion":"3.0.5","node8DeploysDisabledAfter":1613390400000,"node8RuntimeDisabledAfter":1615809600000,"node8WarnAfter":1600128000000}
